Analysis & Synthesis report for DE2_115
Thu Nov 15 21:14:58 2018
Quartus II 64-Bit Version 15.0.0 Build 145 04/22/2015 SJ Full Version


---------------------
; Table of Contents ;
---------------------
  1. Legal Notice
  2. Analysis & Synthesis Summary
  3. Analysis & Synthesis Settings
  4. Parallel Compilation
  5. Analysis & Synthesis IP Cores Summary
  6. Analysis & Synthesis Messages



----------------
; Legal Notice ;
----------------
Copyright (C) 1991-2015 Altera Corporation. All rights reserved.
Your use of Altera Corporation's design tools, logic functions 
and other software and tools, and its AMPP partner logic 
functions, and any output files from any of the foregoing 
(including device programming or simulation files), and any 
associated documentation or information are expressly subject 
to the terms and conditions of the Altera Program License 
Subscription Agreement, the Altera Quartus II License Agreement,
the Altera MegaCore Function License Agreement, or other 
applicable license agreement, including, without limitation, 
that your use is for the sole purpose of programming logic 
devices manufactured by Altera and sold by Altera or its 
authorized distributors.  Please refer to the applicable 
agreement for further details.



+----------------------------------------------------------------------------------+
; Analysis & Synthesis Summary                                                     ;
+------------------------------------+---------------------------------------------+
; Analysis & Synthesis Status        ; Failed - Thu Nov 15 21:14:58 2018           ;
; Quartus II 64-Bit Version          ; 15.0.0 Build 145 04/22/2015 SJ Full Version ;
; Revision Name                      ; DE2_115                                     ;
; Top-level Entity Name              ; DE2_115                                     ;
; Family                             ; Cyclone IV E                                ;
; Total logic elements               ; N/A until Partition Merge                   ;
;     Total combinational functions  ; N/A until Partition Merge                   ;
;     Dedicated logic registers      ; N/A until Partition Merge                   ;
; Total registers                    ; N/A until Partition Merge                   ;
; Total pins                         ; N/A until Partition Merge                   ;
; Total virtual pins                 ; N/A until Partition Merge                   ;
; Total memory bits                  ; N/A until Partition Merge                   ;
; Embedded Multiplier 9-bit elements ; N/A until Partition Merge                   ;
; Total PLLs                         ; N/A until Partition Merge                   ;
+------------------------------------+---------------------------------------------+


+----------------------------------------------------------------------------------------------------------------------+
; Analysis & Synthesis Settings                                                                                        ;
+----------------------------------------------------------------------------+--------------------+--------------------+
; Option                                                                     ; Setting            ; Default Value      ;
+----------------------------------------------------------------------------+--------------------+--------------------+
; Device                                                                     ; EP4CE40F29C7       ;                    ;
; Top-level entity name                                                      ; DE2_115            ; DE2_115            ;
; Family name                                                                ; Cyclone IV E       ; Cyclone V          ;
; Use smart compilation                                                      ; On                 ; Off                ;
; Enable parallel Assembler and TimeQuest Timing Analyzer during compilation ; On                 ; On                 ;
; Enable compact report table                                                ; Off                ; Off                ;
; Restructure Multiplexers                                                   ; Auto               ; Auto               ;
; Create Debugging Nodes for IP Cores                                        ; Off                ; Off                ;
; Preserve fewer node names                                                  ; On                 ; On                 ;
; Disable OpenCore Plus hardware evaluation                                  ; Off                ; Off                ;
; Verilog Version                                                            ; Verilog_2001       ; Verilog_2001       ;
; VHDL Version                                                               ; VHDL_1993          ; VHDL_1993          ;
; State Machine Processing                                                   ; Auto               ; Auto               ;
; Safe State Machine                                                         ; Off                ; Off                ;
; Extract Verilog State Machines                                             ; On                 ; On                 ;
; Extract VHDL State Machines                                                ; On                 ; On                 ;
; Ignore Verilog initial constructs                                          ; Off                ; Off                ;
; Iteration limit for constant Verilog loops                                 ; 5000               ; 5000               ;
; Iteration limit for non-constant Verilog loops                             ; 250                ; 250                ;
; Add Pass-Through Logic to Inferred RAMs                                    ; On                 ; On                 ;
; Infer RAMs from Raw Logic                                                  ; On                 ; On                 ;
; Parallel Synthesis                                                         ; On                 ; On                 ;
; DSP Block Balancing                                                        ; Auto               ; Auto               ;
; NOT Gate Push-Back                                                         ; On                 ; On                 ;
; Power-Up Don't Care                                                        ; On                 ; On                 ;
; Remove Redundant Logic Cells                                               ; Off                ; Off                ;
; Remove Duplicate Registers                                                 ; On                 ; On                 ;
; Ignore CARRY Buffers                                                       ; Off                ; Off                ;
; Ignore CASCADE Buffers                                                     ; Off                ; Off                ;
; Ignore GLOBAL Buffers                                                      ; Off                ; Off                ;
; Ignore ROW GLOBAL Buffers                                                  ; Off                ; Off                ;
; Ignore LCELL Buffers                                                       ; Off                ; Off                ;
; Ignore SOFT Buffers                                                        ; On                 ; On                 ;
; Limit AHDL Integers to 32 Bits                                             ; Off                ; Off                ;
; Optimization Technique                                                     ; Balanced           ; Balanced           ;
; Carry Chain Length                                                         ; 70                 ; 70                 ;
; Auto Carry Chains                                                          ; On                 ; On                 ;
; Auto Open-Drain Pins                                                       ; On                 ; On                 ;
; Perform WYSIWYG Primitive Resynthesis                                      ; Off                ; Off                ;
; Auto ROM Replacement                                                       ; On                 ; On                 ;
; Auto RAM Replacement                                                       ; On                 ; On                 ;
; Auto DSP Block Replacement                                                 ; On                 ; On                 ;
; Auto Shift Register Replacement                                            ; Auto               ; Auto               ;
; Allow Shift Register Merging across Hierarchies                            ; Auto               ; Auto               ;
; Auto Clock Enable Replacement                                              ; On                 ; On                 ;
; Strict RAM Replacement                                                     ; Off                ; Off                ;
; Allow Synchronous Control Signals                                          ; On                 ; On                 ;
; Force Use of Synchronous Clear Signals                                     ; Off                ; Off                ;
; Auto RAM Block Balancing                                                   ; On                 ; On                 ;
; Auto RAM to Logic Cell Conversion                                          ; Off                ; Off                ;
; Auto Resource Sharing                                                      ; Off                ; Off                ;
; Allow Any RAM Size For Recognition                                         ; Off                ; Off                ;
; Allow Any ROM Size For Recognition                                         ; Off                ; Off                ;
; Allow Any Shift Register Size For Recognition                              ; Off                ; Off                ;
; Use LogicLock Constraints during Resource Balancing                        ; On                 ; On                 ;
; Ignore translate_off and synthesis_off directives                          ; Off                ; Off                ;
; Timing-Driven Synthesis                                                    ; On                 ; On                 ;
; Report Parameter Settings                                                  ; On                 ; On                 ;
; Report Source Assignments                                                  ; On                 ; On                 ;
; Report Connectivity Checks                                                 ; On                 ; On                 ;
; Ignore Maximum Fan-Out Assignments                                         ; Off                ; Off                ;
; Synchronization Register Chain Length                                      ; 2                  ; 2                  ;
; PowerPlay Power Optimization During Synthesis                              ; Normal compilation ; Normal compilation ;
; HDL message level                                                          ; Level2             ; Level2             ;
; Suppress Register Optimization Related Messages                            ; Off                ; Off                ;
; Number of Removed Registers Reported in Synthesis Report                   ; 5000               ; 5000               ;
; Number of Swept Nodes Reported in Synthesis Report                         ; 5000               ; 5000               ;
; Number of Inverted Registers Reported in Synthesis Report                  ; 100                ; 100                ;
; Clock MUX Protection                                                       ; On                 ; On                 ;
; Auto Gated Clock Conversion                                                ; Off                ; Off                ;
; Block Design Naming                                                        ; Auto               ; Auto               ;
; SDC constraint protection                                                  ; Off                ; Off                ;
; Synthesis Effort                                                           ; Auto               ; Auto               ;
; Shift Register Replacement - Allow Asynchronous Clear Signal               ; On                 ; On                 ;
; Pre-Mapping Resynthesis Optimization                                       ; Off                ; Off                ;
; Analysis & Synthesis Message Level                                         ; Medium             ; Medium             ;
; Disable Register Merging Across Hierarchies                                ; Auto               ; Auto               ;
; Resource Aware Inference For Block RAM                                     ; On                 ; On                 ;
; Synthesis Seed                                                             ; 1                  ; 1                  ;
+----------------------------------------------------------------------------+--------------------+--------------------+


+------------------------------------------+
; Parallel Compilation                     ;
+----------------------------+-------------+
; Processors                 ; Number      ;
+----------------------------+-------------+
; Number detected on machine ; 8           ;
; Maximum allowed            ; 4           ;
;                            ;             ;
; Average used               ; 1.00        ;
; Maximum used               ; 1           ;
;                            ;             ;
; Usage by Processor         ; % Time Used ;
;     Processor 1            ; 100.0%      ;
;     Processors 2-8         ;   0.0%      ;
+----------------------------+-------------+


+----------------------------------------------------------------------------------------------------------------------------------------------------------+
; Analysis & Synthesis IP Cores Summary                                                                                                                    ;
+--------+-------------------------+---------+--------------+--------------+-------------------------------------------------------------+-----------------+
; Vendor ; IP Core Name            ; Version ; Release Date ; License Type ; Entity Instance                                             ; IP Include File ;
+--------+-------------------------+---------+--------------+--------------+-------------------------------------------------------------+-----------------+
; Altera ; altera_reset_controller ; 15.0    ; N/A          ; N/A          ; |DE2_115|Total:total|altera_reset_controller:rst_controller ; Total.qsys      ;
+--------+-------------------------+---------+--------------+--------------+-------------------------------------------------------------+-----------------+


+-------------------------------+
; Analysis & Synthesis Messages ;
+-------------------------------+
Info: *******************************************************************
Info: Running Quartus II 64-Bit Analysis & Synthesis
    Info: Version 15.0.0 Build 145 04/22/2015 SJ Full Version
    Info: Processing started: Thu Nov 15 21:14:48 2018
Info: Command: quartus_map --read_settings_files=on --write_settings_files=off DE2_115 -c DE2_115
Info (11104): Parallel Compilation has detected 8 hyper-threaded processors. However, the extra hyper-threaded processors will not be used by default. Parallel Compilation will use 4 of the 4 physical processors detected instead.
Info (12021): Found 1 design units, including 1 entities, in source file total/synthesis/total.v
    Info (12023): Found entity 1: Total
Info (12021): Found 1 design units, including 1 entities, in source file total/synthesis/total.v
    Info (12023): Found entity 1: Total
Info (12021): Found 1 design units, including 1 entities, in source file total/synthesis/submodules/altera_reset_controller.v
    Info (12023): Found entity 1: altera_reset_controller
Info (12021): Found 1 design units, including 1 entities, in source file total/synthesis/submodules/altera_reset_synchronizer.v
    Info (12023): Found entity 1: altera_reset_synchronizer
Info (12021): Found 1 design units, including 1 entities, in source file total/synthesis/submodules/total_sram_0.v
    Info (12023): Found entity 1: Total_sram_0
Info (12021): Found 1 design units, including 1 entities, in source file total/synthesis/submodules/altera_up_av_config_serial_bus_controller.v
    Info (12023): Found entity 1: altera_up_av_config_serial_bus_controller
Info (12021): Found 1 design units, including 1 entities, in source file total/synthesis/submodules/altera_up_slow_clock_generator.v
    Info (12023): Found entity 1: altera_up_slow_clock_generator
Warning (10238): Verilog Module Declaration warning at altera_up_av_config_auto_init.v(51): ignored anonymous port(s) indicated by duplicate or dangling comma(s) in the port list for module "altera_up_av_config_auto_init"
Info (12021): Found 1 design units, including 1 entities, in source file total/synthesis/submodules/altera_up_av_config_auto_init.v
    Info (12023): Found entity 1: altera_up_av_config_auto_init
Info (12021): Found 1 design units, including 1 entities, in source file total/synthesis/submodules/altera_up_av_config_auto_init_dc2.v
    Info (12023): Found entity 1: altera_up_av_config_auto_init_dc2
Info (12021): Found 1 design units, including 1 entities, in source file total/synthesis/submodules/altera_up_av_config_auto_init_d5m.v
    Info (12023): Found entity 1: altera_up_av_config_auto_init_d5m
Info (12021): Found 1 design units, including 1 entities, in source file total/synthesis/submodules/altera_up_av_config_auto_init_lcm.v
    Info (12023): Found entity 1: altera_up_av_config_auto_init_lcm
Info (12021): Found 1 design units, including 1 entities, in source file total/synthesis/submodules/altera_up_av_config_auto_init_ltm.v
    Info (12023): Found entity 1: altera_up_av_config_auto_init_ltm
Info (12021): Found 1 design units, including 1 entities, in source file total/synthesis/submodules/altera_up_av_config_auto_init_ob_de1_soc.v
    Info (12023): Found entity 1: altera_up_av_config_auto_init_ob_de1_soc
Info (12021): Found 1 design units, including 1 entities, in source file total/synthesis/submodules/altera_up_av_config_auto_init_ob_de2_115.v
    Info (12023): Found entity 1: altera_up_av_config_auto_init_ob_de2_115
Info (12021): Found 1 design units, including 1 entities, in source file total/synthesis/submodules/altera_up_av_config_auto_init_ob_audio.v
    Info (12023): Found entity 1: altera_up_av_config_auto_init_ob_audio
Info (12021): Found 1 design units, including 1 entities, in source file total/synthesis/submodules/altera_up_av_config_auto_init_ob_adv7180.v
    Info (12023): Found entity 1: altera_up_av_config_auto_init_ob_adv7180
Info (12021): Found 1 design units, including 1 entities, in source file total/synthesis/submodules/altera_up_av_config_auto_init_ob_adv7181.v
    Info (12023): Found entity 1: altera_up_av_config_auto_init_ob_adv7181
Info (12021): Found 1 design units, including 1 entities, in source file total/synthesis/submodules/total_audio_and_video_config_0.v
    Info (12023): Found entity 1: Total_audio_and_video_config_0
Info (12021): Found 1 design units, including 1 entities, in source file total/synthesis/submodules/altera_up_audio_bit_counter.v
    Info (12023): Found entity 1: altera_up_audio_bit_counter
Info (12021): Found 1 design units, including 1 entities, in source file total/synthesis/submodules/altera_up_audio_in_deserializer.v
    Info (12023): Found entity 1: altera_up_audio_in_deserializer
Info (12021): Found 1 design units, including 1 entities, in source file total/synthesis/submodules/altera_up_audio_out_serializer.v
    Info (12023): Found entity 1: altera_up_audio_out_serializer
Info (12021): Found 1 design units, including 1 entities, in source file total/synthesis/submodules/altera_up_clock_edge.v
    Info (12023): Found entity 1: altera_up_clock_edge
Warning (10275): Verilog HDL Module Instantiation warning at altera_up_sync_fifo.v(138): ignored dangling comma in List of Port Connections
Info (12021): Found 1 design units, including 1 entities, in source file total/synthesis/submodules/altera_up_sync_fifo.v
    Info (12023): Found entity 1: altera_up_sync_fifo
Info (12021): Found 1 design units, including 1 entities, in source file total/synthesis/submodules/total_audio_0.v
    Info (12023): Found entity 1: Total_audio_0
Info (12021): Found 1 design units, including 1 entities, in source file recordercore.sv
    Info (12023): Found entity 1: RecorderCore
Info (12021): Found 1 design units, including 1 entities, in source file recorder.sv
    Info (12023): Found entity 1: Recorder
Info (12021): Found 1 design units, including 1 entities, in source file inputcontroller.sv
    Info (12023): Found entity 1: InputController
Info (12021): Found 1 design units, including 1 entities, in source file debounce.sv
    Info (12023): Found entity 1: Debounce
Info (12021): Found 1 design units, including 1 entities, in source file de2_115.sv
    Info (12023): Found entity 1: DE2_115
Info (12021): Found 1 design units, including 1 entities, in source file audiocoreinterpolation.sv
    Info (12023): Found entity 1: AudioCoreInterpolation
Info (12021): Found 1 design units, including 1 entities, in source file audiocore.sv
    Info (12023): Found entity 1: AudioCore
Warning (10236): Verilog HDL Implicit Net warning at Recorder.sv(43): created implicit net for "o_output_event"
Info (12127): Elaborating entity "DE2_115" for the top level hierarchy
Warning (10036): Verilog HDL or VHDL warning at DE2_115.sv(199): object "rst_audio" assigned a value but never read
Warning (10034): Output port "LEDG" at DE2_115.sv(32) has no driver
Warning (10034): Output port "LEDR" at DE2_115.sv(33) has no driver
Warning (10034): Output port "DRAM_ADDR" at DE2_115.sv(46) has no driver
Warning (10034): Output port "DRAM_BA" at DE2_115.sv(47) has no driver
Warning (10034): Output port "DRAM_DQM" at DE2_115.sv(48) has no driver
Warning (10034): Output port "FL_ADDR" at DE2_115.sv(58) has no driver
Warning (10034): Output port "OTG_ADDR" at DE2_115.sv(77) has no driver
Warning (10034): Output port "OTG_DACK_N" at DE2_115.sv(86) has no driver
Warning (10034): Output port "ENET0_TX_DATA" at DE2_115.sv(140) has no driver
Warning (10034): Output port "ENET1_TX_DATA" at DE2_115.sv(157) has no driver
Warning (10034): Output port "VGA_R" at DE2_115.sv(178) has no driver
Warning (10034): Output port "VGA_G" at DE2_115.sv(179) has no driver
Warning (10034): Output port "VGA_B" at DE2_115.sv(181) has no driver
Warning (10034): Output port "SMA_CLKOUT" at DE2_115.sv(12) has no driver
Warning (10034): Output port "UART_TXD" at DE2_115.sv(36) has no driver
Warning (10034): Output port "UART_CTS" at DE2_115.sv(38) has no driver
Warning (10034): Output port "DRAM_RAS_N" at DE2_115.sv(49) has no driver
Warning (10034): Output port "DRAM_CAS_N" at DE2_115.sv(50) has no driver
Warning (10034): Output port "DRAM_CKE" at DE2_115.sv(51) has no driver
Warning (10034): Output port "DRAM_CLK" at DE2_115.sv(52) has no driver
Warning (10034): Output port "DRAM_WE_N" at DE2_115.sv(53) has no driver
Warning (10034): Output port "DRAM_CS_N" at DE2_115.sv(54) has no driver
Warning (10034): Output port "FL_WE_N" at DE2_115.sv(59) has no driver
Warning (10034): Output port "FL_WP_N" at DE2_115.sv(60) has no driver
Warning (10034): Output port "FL_RST_N" at DE2_115.sv(61) has no driver
Warning (10034): Output port "FL_OE_N" at DE2_115.sv(62) has no driver
Warning (10034): Output port "FL_CE_N" at DE2_115.sv(63) has no driver
Warning (10034): Output port "OTG_CS_N" at DE2_115.sv(78) has no driver
Warning (10034): Output port "OTG_RD_N" at DE2_115.sv(79) has no driver
Warning (10034): Output port "OTG_WR_N" at DE2_115.sv(80) has no driver
Warning (10034): Output port "OTG_RST_N" at DE2_115.sv(81) has no driver
Warning (10034): Output port "LCD_ON" at DE2_115.sv(90) has no driver
Warning (10034): Output port "LCD_BLON" at DE2_115.sv(91) has no driver
Warning (10034): Output port "LCD_RW" at DE2_115.sv(92) has no driver
Warning (10034): Output port "LCD_EN" at DE2_115.sv(93) has no driver
Warning (10034): Output port "LCD_RS" at DE2_115.sv(94) has no driver
Warning (10034): Output port "SD_CLK" at DE2_115.sv(99) has no driver
Warning (10034): Output port "EEP_I2C_SCLK" at DE2_115.sv(103) has no driver
Warning (10034): Output port "AUD_XCK" at DE2_115.sv(122) has no driver
Warning (10034): Output port "ENET0_GTX_CLK" at DE2_115.sv(127) has no driver
Warning (10034): Output port "ENET0_MDC" at DE2_115.sv(130) has no driver
Warning (10034): Output port "ENET0_RST_N" at DE2_115.sv(132) has no driver
Warning (10034): Output port "ENET0_TX_EN" at DE2_115.sv(141) has no driver
Warning (10034): Output port "ENET0_TX_ER" at DE2_115.sv(142) has no driver
Warning (10034): Output port "ENET1_GTX_CLK" at DE2_115.sv(144) has no driver
Warning (10034): Output port "ENET1_MDC" at DE2_115.sv(147) has no driver
Warning (10034): Output port "ENET1_RST_N" at DE2_115.sv(149) has no driver
Warning (10034): Output port "ENET1_TX_EN" at DE2_115.sv(158) has no driver
Warning (10034): Output port "ENET1_TX_ER" at DE2_115.sv(159) has no driver
Warning (10034): Output port "TD_RESET_N" at DE2_115.sv(170) has no driver
Warning (10034): Output port "VGA_CLK" at DE2_115.sv(173) has no driver
Warning (10034): Output port "VGA_HS" at DE2_115.sv(174) has no driver
Warning (10034): Output port "VGA_VS" at DE2_115.sv(175) has no driver
Warning (10034): Output port "VGA_BLANK_N" at DE2_115.sv(176) has no driver
Warning (10034): Output port "VGA_SYNC_N" at DE2_115.sv(177) has no driver
Info (12128): Elaborating entity "Total" for hierarchy "Total:total"
Info (12128): Elaborating entity "Total_audio_0" for hierarchy "Total:total|Total_audio_0:audio_0"
Info (12128): Elaborating entity "altera_up_clock_edge" for hierarchy "Total:total|Total_audio_0:audio_0|altera_up_clock_edge:Bit_Clock_Edges"
Info (12128): Elaborating entity "altera_up_audio_in_deserializer" for hierarchy "Total:total|Total_audio_0:audio_0|altera_up_audio_in_deserializer:Audio_In_Deserializer"
Info (12128): Elaborating entity "altera_up_audio_bit_counter" for hierarchy "Total:total|Total_audio_0:audio_0|altera_up_audio_in_deserializer:Audio_In_Deserializer|altera_up_audio_bit_counter:Audio_Out_Bit_Counter"
Info (12128): Elaborating entity "altera_up_sync_fifo" for hierarchy "Total:total|Total_audio_0:audio_0|altera_up_audio_in_deserializer:Audio_In_Deserializer|altera_up_sync_fifo:Audio_In_Left_Channel_FIFO"
Info (12128): Elaborating entity "scfifo" for hierarchy "Total:total|Total_audio_0:audio_0|altera_up_audio_in_deserializer:Audio_In_Deserializer|altera_up_sync_fifo:Audio_In_Left_Channel_FIFO|scfifo:Sync_FIFO"
Info (12130): Elaborated megafunction instantiation "Total:total|Total_audio_0:audio_0|altera_up_audio_in_deserializer:Audio_In_Deserializer|altera_up_sync_fifo:Audio_In_Left_Channel_FIFO|scfifo:Sync_FIFO"
Info (12133): Instantiated megafunction "Total:total|Total_audio_0:audio_0|altera_up_audio_in_deserializer:Audio_In_Deserializer|altera_up_sync_fifo:Audio_In_Left_Channel_FIFO|scfifo:Sync_FIFO" with the following parameter:
    Info (12134): Parameter "add_ram_output_register" = "OFF"
    Info (12134): Parameter "intended_device_family" = "Cyclone II"
    Info (12134): Parameter "lpm_numwords" = "128"
    Info (12134): Parameter "lpm_showahead" = "ON"
    Info (12134): Parameter "lpm_type" = "scfifo"
    Info (12134): Parameter "lpm_width" = "16"
    Info (12134): Parameter "lpm_widthu" = "7"
    Info (12134): Parameter "overflow_checking" = "OFF"
    Info (12134): Parameter "underflow_checking" = "OFF"
    Info (12134): Parameter "use_eab" = "ON"
Info (12021): Found 1 design units, including 1 entities, in source file db/scfifo_p441.tdf
    Info (12023): Found entity 1: scfifo_p441
Info (12128): Elaborating entity "scfifo_p441" for hierarchy "Total:total|Total_audio_0:audio_0|altera_up_audio_in_deserializer:Audio_In_Deserializer|altera_up_sync_fifo:Audio_In_Left_Channel_FIFO|scfifo:Sync_FIFO|scfifo_p441:auto_generated"
Info (12021): Found 1 design units, including 1 entities, in source file db/a_dpfifo_cs31.tdf
    Info (12023): Found entity 1: a_dpfifo_cs31
Info (12128): Elaborating entity "a_dpfifo_cs31" for hierarchy "Total:total|Total_audio_0:audio_0|altera_up_audio_in_deserializer:Audio_In_Deserializer|altera_up_sync_fifo:Audio_In_Left_Channel_FIFO|scfifo:Sync_FIFO|scfifo_p441:auto_generated|a_dpfifo_cs31:dpfifo"
Info (12021): Found 1 design units, including 1 entities, in source file db/altsyncram_hh81.tdf
    Info (12023): Found entity 1: altsyncram_hh81
Info (12128): Elaborating entity "altsyncram_hh81" for hierarchy "Total:total|Total_audio_0:audio_0|altera_up_audio_in_deserializer:Audio_In_Deserializer|altera_up_sync_fifo:Audio_In_Left_Channel_FIFO|scfifo:Sync_FIFO|scfifo_p441:auto_generated|a_dpfifo_cs31:dpfifo|altsyncram_hh81:FIFOram"
Info (12021): Found 1 design units, including 1 entities, in source file db/cmpr_ks8.tdf
    Info (12023): Found entity 1: cmpr_ks8
Info (12128): Elaborating entity "cmpr_ks8" for hierarchy "Total:total|Total_audio_0:audio_0|altera_up_audio_in_deserializer:Audio_In_Deserializer|altera_up_sync_fifo:Audio_In_Left_Channel_FIFO|scfifo:Sync_FIFO|scfifo_p441:auto_generated|a_dpfifo_cs31:dpfifo|cmpr_ks8:almost_full_comparer"
Info (12128): Elaborating entity "cmpr_ks8" for hierarchy "Total:total|Total_audio_0:audio_0|altera_up_audio_in_deserializer:Audio_In_Deserializer|altera_up_sync_fifo:Audio_In_Left_Channel_FIFO|scfifo:Sync_FIFO|scfifo_p441:auto_generated|a_dpfifo_cs31:dpfifo|cmpr_ks8:three_comparison"
Info (12021): Found 1 design units, including 1 entities, in source file db/cntr_v9b.tdf
    Info (12023): Found entity 1: cntr_v9b
Info (12128): Elaborating entity "cntr_v9b" for hierarchy "Total:total|Total_audio_0:audio_0|altera_up_audio_in_deserializer:Audio_In_Deserializer|altera_up_sync_fifo:Audio_In_Left_Channel_FIFO|scfifo:Sync_FIFO|scfifo_p441:auto_generated|a_dpfifo_cs31:dpfifo|cntr_v9b:rd_ptr_msb"
Info (12021): Found 1 design units, including 1 entities, in source file db/cntr_ca7.tdf
    Info (12023): Found entity 1: cntr_ca7
Info (12128): Elaborating entity "cntr_ca7" for hierarchy "Total:total|Total_audio_0:audio_0|altera_up_audio_in_deserializer:Audio_In_Deserializer|altera_up_sync_fifo:Audio_In_Left_Channel_FIFO|scfifo:Sync_FIFO|scfifo_p441:auto_generated|a_dpfifo_cs31:dpfifo|cntr_ca7:usedw_counter"
Info (12021): Found 1 design units, including 1 entities, in source file db/cntr_0ab.tdf
    Info (12023): Found entity 1: cntr_0ab
Info (12128): Elaborating entity "cntr_0ab" for hierarchy "Total:total|Total_audio_0:audio_0|altera_up_audio_in_deserializer:Audio_In_Deserializer|altera_up_sync_fifo:Audio_In_Left_Channel_FIFO|scfifo:Sync_FIFO|scfifo_p441:auto_generated|a_dpfifo_cs31:dpfifo|cntr_0ab:wr_ptr"
Info (12128): Elaborating entity "altera_up_audio_out_serializer" for hierarchy "Total:total|Total_audio_0:audio_0|altera_up_audio_out_serializer:Audio_Out_Serializer"
Info (12128): Elaborating entity "Total_audio_and_video_config_0" for hierarchy "Total:total|Total_audio_and_video_config_0:audio_and_video_config_0"
Info (12128): Elaborating entity "altera_up_av_config_auto_init" for hierarchy "Total:total|Total_audio_and_video_config_0:audio_and_video_config_0|altera_up_av_config_auto_init:AV_Config_Auto_Init"
Warning (10230): Verilog HDL assignment warning at altera_up_av_config_auto_init.v(137): truncated value with size 32 to match size of target (6)
Info (12128): Elaborating entity "altera_up_av_config_auto_init_ob_de2_115" for hierarchy "Total:total|Total_audio_and_video_config_0:audio_and_video_config_0|altera_up_av_config_auto_init_ob_de2_115:Auto_Init_OB_Devices_ROM"
Info (12128): Elaborating entity "altera_up_av_config_auto_init_ob_audio" for hierarchy "Total:total|Total_audio_and_video_config_0:audio_and_video_config_0|altera_up_av_config_auto_init_ob_de2_115:Auto_Init_OB_Devices_ROM|altera_up_av_config_auto_init_ob_audio:Auto_Init_Audio_ROM"
Info (12128): Elaborating entity "altera_up_av_config_auto_init_ob_adv7180" for hierarchy "Total:total|Total_audio_and_video_config_0:audio_and_video_config_0|altera_up_av_config_auto_init_ob_de2_115:Auto_Init_OB_Devices_ROM|altera_up_av_config_auto_init_ob_adv7180:Auto_Init_Video_ROM"
Info (12128): Elaborating entity "altera_up_av_config_serial_bus_controller" for hierarchy "Total:total|Total_audio_and_video_config_0:audio_and_video_config_0|altera_up_av_config_serial_bus_controller:Serial_Bus_Controller"
Warning (10230): Verilog HDL assignment warning at altera_up_av_config_serial_bus_controller.v(241): truncated value with size 32 to match size of target (5)
Info (12128): Elaborating entity "altera_up_slow_clock_generator" for hierarchy "Total:total|Total_audio_and_video_config_0:audio_and_video_config_0|altera_up_av_config_serial_bus_controller:Serial_Bus_Controller|altera_up_slow_clock_generator:Serial_Config_Clock_Generator"
Warning (10230): Verilog HDL assignment warning at altera_up_slow_clock_generator.v(109): truncated value with size 32 to match size of target (11)
Info (12128): Elaborating entity "Total_sram_0" for hierarchy "Total:total|Total_sram_0:sram_0"
Info (12128): Elaborating entity "altera_reset_controller" for hierarchy "Total:total|altera_reset_controller:rst_controller"
Info (12128): Elaborating entity "altera_reset_synchronizer" for hierarchy "Total:total|altera_reset_controller:rst_controller|altera_reset_synchronizer:alt_rst_sync_uq1"
Info (12128): Elaborating entity "altera_reset_synchronizer" for hierarchy "Total:total|altera_reset_controller:rst_controller|altera_reset_synchronizer:alt_rst_req_sync_uq1"
Info (12128): Elaborating entity "InputController" for hierarchy "InputController:inputController"
Info (10264): Verilog HDL Case Statement information at InputController.sv(40): all case item expressions in this case statement are onehot
Info (10264): Verilog HDL Case Statement information at InputController.sv(47): all case item expressions in this case statement are onehot
Info (10264): Verilog HDL Case Statement information at InputController.sv(52): all case item expressions in this case statement are onehot
Info (12128): Elaborating entity "Debounce" for hierarchy "InputController:inputController|Debounce:db1"
Warning (10230): Verilog HDL assignment warning at Debounce.sv(23): truncated value with size 32 to match size of target (3)
Warning (10230): Verilog HDL assignment warning at Debounce.sv(25): truncated value with size 32 to match size of target (3)
Info (12128): Elaborating entity "Recorder" for hierarchy "Recorder:recorder"
Info (12128): Elaborating entity "RecorderCore" for hierarchy "Recorder:recorder|RecorderCore:recorderCore"
Warning (10036): Verilog HDL or VHDL warning at RecorderCore.sv(21): object "control_mode" assigned a value but never read
Warning (10036): Verilog HDL or VHDL warning at RecorderCore.sv(22): object "control_speed" assigned a value but never read
Warning (10036): Verilog HDL or VHDL warning at RecorderCore.sv(23): object "control_interpol" assigned a value but never read
Info (10264): Verilog HDL Case Statement information at RecorderCore.sv(46): all case item expressions in this case statement are onehot
Info (12128): Elaborating entity "AudioCore" for hierarchy "Recorder:recorder|AudioCore:audioCore"
Info (10264): Verilog HDL Case Statement information at AudioCore.sv(124): all case item expressions in this case statement are onehot
Warning (10230): Verilog HDL assignment warning at AudioCore.sv(153): truncated value with size 32 to match size of target (20)
Warning (10230): Verilog HDL assignment warning at AudioCore.sv(159): truncated value with size 32 to match size of target (20)
Warning (10230): Verilog HDL assignment warning at AudioCore.sv(172): truncated value with size 32 to match size of target (4)
Warning (10230): Verilog HDL assignment warning at AudioCore.sv(174): truncated value with size 32 to match size of target (20)
Warning (10230): Verilog HDL assignment warning at AudioCore.sv(179): truncated value with size 32 to match size of target (4)
Warning (10230): Verilog HDL assignment warning at AudioCore.sv(182): truncated value with size 32 to match size of target (20)
Warning (10230): Verilog HDL assignment warning at AudioCore.sv(191): truncated value with size 32 to match size of target (4)
Warning (10230): Verilog HDL assignment warning at AudioCore.sv(193): truncated value with size 32 to match size of target (20)
Warning (10230): Verilog HDL assignment warning at AudioCore.sv(198): truncated value with size 32 to match size of target (4)
Warning (10230): Verilog HDL assignment warning at AudioCore.sv(200): truncated value with size 32 to match size of target (20)
Warning (10230): Verilog HDL assignment warning at AudioCore.sv(258): truncated value with size 32 to match size of target (20)
Warning (10230): Verilog HDL assignment warning at AudioCore.sv(263): truncated value with size 32 to match size of target (20)
Warning (10240): Verilog HDL Always Construct warning at AudioCore.sv(105): inferring latch(es) for variable "data_length", which holds its previous value in one or more paths through the always construct
Error (10166): SystemVerilog RTL Coding error at AudioCore.sv(105): always_comb construct does not infer purely combinational logic. File: C:/Users/question_mark/Desktop/lab3_test1/src/DE2_115/AudioCore.sv Line: 105
Error (12152): Can't elaborate user hierarchy "Recorder:recorder|AudioCore:audioCore" File: C:/Users/question_mark/Desktop/lab3_test1/src/DE2_115/Recorder.sv Line: 81
Error: Quartus II 64-Bit Analysis & Synthesis was unsuccessful. 2 errors, 80 warnings
    Error: Peak virtual memory: 4830 megabytes
    Error: Processing ended: Thu Nov 15 21:14:58 2018
    Error: Elapsed time: 00:00:10
    Error: Total CPU time (on all processors): 00:00:21


